[    0.000000] Initializing cgroup subsys cpuset
[    0.000000] Initializing cgroup subsys cpu
[    0.000000] Initializing cgroup subsys cpuacct
[    0.000000] Linux version 4.4.0-178-generic (buildd@lgw01-amd64-017) (gcc version 5.4.0 20160609 (Ubuntu 5.4.0-6ubuntu1~16.04.12) ) #208-Ubuntu SMP Sun Apr 5 23:45:10 UTC 2020 (Ubuntu 4.4.0-178.208-generic 4.4.217)
[    0.000000] Command line: BOOT_IMAGE=/boot/vmlinuz-4.4.0-178-generic root=UUID=e8c36fc6-4c06-466e-87c7-f7e1835398e0 ro console=tty1 console=ttyS0
[    0.000000] KERNEL supported cpus:
[    0.000000]   Intel GenuineIntel
[    0.000000]   AMD AuthenticAMD
[    0.000000]   Centaur CentaurHauls
[    0.000000] [Firmware Bug]: TSC doesn't count with P0 frequency!
[    0.000000] x86/fpu: xstate_offset[2]:  576, xstate_sizes[2]:  256
[    0.000000] x86/fpu: Supporting XSAVE feature 0x01: 'x87 floating point registers'
[    0.000000] x86/fpu: Supporting XSAVE feature 0x02: 'SSE registers'
[    0.000000] x86/fpu: Supporting XSAVE feature 0x04: 'AVX registers'
[    0.000000] x86/fpu: Enabled xstate features 0x7, context size is 832 bytes, using 'standard' format.
[    0.000000] e820: BIOS-provided physical RAM map:
[    0.000000] BIOS-e820: [mem 0x0000000000000000-0x000000000009fbff] usable
[    0.000000] BIOS-e820: [mem 0x000000000009fc00-0x000000000009ffff] reserved
[    0.000000] BIOS-e820: [mem 0x00000000000f0000-0x00000000000fffff] reserved
[    0.000000] BIOS-e820: [mem 0x0000000000100000-0x000000003ffeffff] usable
[    0.000000] BIOS-e820: [mem 0x000000003fff0000-0x000000003fffffff] ACPI data
[    0.000000] BIOS-e820: [mem 0x00000000fec00000-0x00000000fec00fff] reserved
[    0.000000] BIOS-e820: [mem 0x00000000fee00000-0x00000000fee00fff] reserved
[    0.000000] BIOS-e820: [mem 0x00000000fffc0000-0x00000000ffffffff] reserved
[    0.000000] NX (Execute Disable) protection: active
[    0.000000] SMBIOS 2.5 present.
[    0.000000] Hypervisor detected: KVM
[    0.000000] Kernel/User page tables isolation: disabled
[    0.000000] e820: last_pfn = 0x3fff0 max_arch_pfn = 0x400000000
[    0.000000] MTRR: Disabled
[    0.000000] x86/PAT: MTRRs disabled, skipping PAT initialization too.
[    0.000000] CPU MTRRs all blank - virtualized system.
[    0.000000] x86/PAT: Configuration [0-7]: WB  WT  UC- UC  WB  WT  UC- UC  
[    0.000000] found SMP MP-table at [mem 0x0009fff0-0x0009ffff] mapped at [ffff88000009fff0]
[    0.000000] Scanning 1 areas for low memory corruption
[    0.000000] RAMDISK: [mem 0x361c8000-0x370dbfff]
[    0.000000] ACPI: Early table checksum verification disabled
[    0.000000] ACPI: RSDP 0x00000000000E0000 000024 (v02 VBOX  )
[    0.000000] ACPI: XSDT 0x000000003FFF0030 00003C (v01 VBOX   VBOXXSDT 00000001 ASL  00000061)
[    0.000000] ACPI: FACP 0x000000003FFF00F0 0000F4 (v04 VBOX   VBOXFACP 00000001 ASL  00000061)
[    0.000000] ACPI: DSDT 0x000000003FFF0470 0022EA (v02 VBOX   VBOXBIOS 00000002 INTL 20100528)
[    0.000000] ACPI: FACS 0x000000003FFF0200 000040
[    0.000000] ACPI: FACS 0x000000003FFF0200 000040
[    0.000000] ACPI: APIC 0x000000003FFF0240 00005C (v02 VBOX   VBOXAPIC 00000001 ASL  00000061)
[    0.000000] ACPI: SSDT 0x000000003FFF02A0 0001CC (v01 VBOX   VBOXCPUT 00000002 INTL 20100528)
[    0.000000] No NUMA configuration found
[    0.000000] Faking a node at [mem 0x0000000000000000-0x000000003ffeffff]
[    0.000000] NODE_DATA(0) allocated [mem 0x3ffeb000-0x3ffeffff]
[    0.000000] kvm-clock: Using msrs 4b564d01 and 4b564d00
[    0.000000] kvm-clock: cpu 0, msr 0:3ffe3001, primary cpu clock
[    0.000000] kvm-clock: using sched offset of 3811346056 cycles
[    0.000000] clocksource: kvm-clock: mask: 0xffffffffffffffff max_cycles: 0x1cd42e4dffb, max_idle_ns: 881590591483 ns
[    0.000000] Zone ranges:
[    0.000000]   DMA      [mem 0x0000000000001000-0x0000000000ffffff]
[    0.000000]   DMA32    [mem 0x0000000001000000-0x000000003ffeffff]
[    0.000000]   Normal   empty
[    0.000000]   Device   empty
[    0.000000] Movable zone start for each node
[    0.000000] Early memory node ranges
[    0.000000]   node   0: [mem 0x0000000000001000-0x000000000009efff]
[    0.000000]   node   0: [mem 0x0000000000100000-0x000000003ffeffff]
[    0.000000] Initmem setup node 0 [mem 0x0000000000001000-0x000000003ffeffff]
[    0.000000] ACPI: PM-Timer IO Port: 0x4008
[    0.000000] IOAPIC[0]: apic_id 2, version 32, address 0xfec00000, GSI 0-23
[    0.000000] ACPI: INT_SRC_OVR (bus 0 bus_irq 0 global_irq 2 dfl dfl)
[    0.000000] ACPI: INT_SRC_OVR (bus 0 bus_irq 9 global_irq 9 low level)
[    0.000000] Using ACPI (MADT) for SMP configuration information
[    0.000000] smpboot: Allowing 2 CPUs, 0 hotplug CPUs
[    0.000000] PM: Registered nosave memory: [mem 0x00000000-0x00000fff]
[    0.000000] PM: Registered nosave memory: [mem 0x0009f000-0x0009ffff]
[    0.000000] PM: Registered nosave memory: [mem 0x000a0000-0x000effff]
[    0.000000] PM: Registered nosave memory: [mem 0x000f0000-0x000fffff]
[    0.000000] e820: [mem 0x40000000-0xfebfffff] available for PCI devices
[    0.000000] Booting paravirtualized kernel on KVM
[    0.000000] clocksource: refined-jiffies: mask: 0xffffffff max_cycles: 0xffffffff, max_idle_ns: 7645519600211568 ns
[    0.000000] setup_percpu: NR_CPUS:512 nr_cpumask_bits:512 nr_cpu_ids:2 nr_node_ids:1
[    0.000000] PERCPU: Embedded 33 pages/cpu @ffff88003fc00000 s95448 r8192 d31528 u1048576
[    0.000000] Built 1 zonelists in Node order, mobility grouping on.  Total pages: 257912
[    0.000000] Policy zone: DMA32
[    0.000000] Kernel command line: BOOT_IMAGE=/boot/vmlinuz-4.4.0-178-generic root=UUID=e8c36fc6-4c06-466e-87c7-f7e1835398e0 ro console=tty1 console=ttyS0
[    0.000000] PID hash table entries: 4096 (order: 3, 32768 bytes)
[    0.000000] Memory: 997112K/1048120K available (8626K kernel code, 1336K rwdata, 4036K rodata, 1488K init, 1292K bss, 51008K reserved, 0K cma-reserved)
[    0.000000] SLUB: HWalign=64, Order=0-3, MinObjects=0, CPUs=2, Nodes=1
[    0.000000] Hierarchical RCU implementation.
[    0.000000] 	Build-time adjustment of leaf fanout to 64.
[    0.000000] 	RCU restricting CPUs from NR_CPUS=512 to nr_cpu_ids=2.
[    0.000000] RCU: Adjusting geometry for rcu_fanout_leaf=64, nr_cpu_ids=2
[    0.000000] NR_IRQS:33024 nr_irqs:440 16
[    0.000000] Console: colour VGA+ 80x25
[    0.000000] console [tty1] enabled
[    0.000000] console [ttyS0] enabled
[    0.000000] tsc: Detected 3600.000 MHz processor
[    0.104489] Calibrating delay loop (skipped) preset value.. 7200.00 BogoMIPS (lpj=14400000)
[    0.105717] pid_max: default: 32768 minimum: 301
[    0.106379] ACPI: Core revision 20150930
[    0.107636] ACPI: 2 ACPI AML tables successfully acquired and loaded
[    0.108578] Security Framework initialized
[    0.109183] Yama: becoming mindful.
[    0.109746] AppArmor: AppArmor initialized
[    0.110400] Dentry cache hash table entries: 131072 (order: 8, 1048576 bytes)
[    0.111467] Inode-cache hash table entries: 65536 (order: 7, 524288 bytes)
[    0.113016] Mount-cache hash table entries: 2048 (order: 2, 16384 bytes)
[    0.113884] Mountpoint-cache hash table entries: 2048 (order: 2, 16384 bytes)
[    0.115114] Initializing cgroup subsys io
[    0.115714] Initializing cgroup subsys memory
[    0.116346] Initializing cgroup subsys devices
[    0.116990] Initializing cgroup subsys freezer
[    0.117639] Initializing cgroup subsys net_cls
[    0.118279] Initializing cgroup subsys perf_event
[    0.118947] Initializing cgroup subsys net_prio
[    0.119607] Initializing cgroup subsys hugetlb
[    0.120248] Initializing cgroup subsys pids
[    0.128039] mce: CPU supports 0 MCE banks
[    0.128709] Last level iTLB entries: 4KB 1024, 2MB 1024, 4MB 512
[    0.129515] Last level dTLB entries: 4KB 2048, 2MB 2048, 4MB 1024, 1GB 0
[    0.130401] Spectre V1 : Mitigation: usercopy/swapgs barriers and __user pointer sanitization
[    0.131619] Spectre V2 : Spectre mitigation: LFENCE not serializing, switching to generic retpoline
[    0.132893] Spectre V2 : Mitigation: Full generic retpoline
[    0.133666] Spectre V2 : Spectre v2 / SpectreRSB mitigation: Filling RSB on context switch
[    0.134908] Speculative Store Bypass: Mitigation: Speculative Store Bypass disabled via prctl and seccomp
[    0.138281] Freeing SMP alternatives memory: 36K
[    0.143860] ftrace: allocating 32308 entries in 127 pages
[    0.190529] smpboot: APIC(0) Converting physical 0 to logical package 0
[    0.191423] smpboot: Max logical packages: 1
[    0.192229] x2apic enabled
[    0.192878] Switched APIC routing to physical x2apic.
[    0.194491] ..TIMER: vector=0x30 apic1=0 pin1=2 apic2=-1 pin2=-1
[    0.303346] APIC calibration not consistent with PM-Timer: 106ms instead of 100ms
[    0.304495] APIC delta adjusted to PM-Timer: 6255233 (6682514)
[    0.305331] smpboot: CPU0: AMD Ryzen 5 3600 6-Core Processor (family: 0x17, model: 0x71, stepping: 0x0)
[    0.306789] Performance Events: Broken PMU hardware detected, using software events only.
[    0.308035] Failed to access perfctr msr (MSR c0010007 is 0)
[    0.314375] KVM setup paravirtual spinlock
[    0.315566] x86: Booting SMP configuration:
[    0.316168] .... node  #0, CPUs:      #1
[    0.316873] kvm-clock: cpu 1, msr 0:3ffe3041, secondary cpu clock
[    0.324666] mce: CPU supports 0 MCE banks
[    0.327039] x86: Booted up 1 node, 2 CPUs
[    0.327797] smpboot: Total of 2 processors activated (14400.00 BogoMIPS)
[    0.329026] devtmpfs: initialized
[    0.330979] evm: security.selinux
[    0.331505] evm: security.SMACK64
[    0.332032] evm: security.SMACK64EXEC
[    0.332589] evm: security.SMACK64TRANSMUTE
[    0.333203] evm: security.SMACK64MMAP
[    0.333764] evm: security.ima
[    0.334264] evm: security.capability
[    0.334894] clocksource: jiffies: mask: 0xffffffff max_cycles: 0xffffffff, max_idle_ns: 7645041785100000 ns
[    0.336222] futex hash table entries: 512 (order: 3, 32768 bytes)
[    0.337119] pinctrl core: initialized pinctrl subsystem
[    0.337919] RTC time:  6:39:45, date: 05/03/20
[    0.339519] NET: Registered protocol family 16
[    0.350779] cpuidle: using governor ladder
[    0.366437] cpuidle: using governor menu
[    0.367044] PCCT header not found.
[    0.367836] ACPI: bus type PCI registered
[    0.368450] acpiphp: ACPI Hot Plug PCI Controller Driver version: 0.5
[    0.369326] PCI: Using configuration type 1 for base access
[    0.370074] PCI: Using configuration type 1 for extended access
[    0.385468] ACPI: Added _OSI(Module Device)
[    0.386116] ACPI: Added _OSI(Processor Device)
[    0.386769] ACPI: Added _OSI(3.0 _SCP Extensions)
[    0.387465] ACPI: Added _OSI(Processor Aggregator Device)
[    0.388604] ACPI: Executed 1 blocks of module-level executable AML code
[    0.390798] ACPI: Interpreter enabled
[    0.391388] ACPI: (supports S0 S5)
[    0.391943] ACPI: Using IOAPIC for interrupt routing
[    0.392748] PCI: Using host bridge windows from ACPI; if necessary, use "pci=nocrs" and report a bug
[    0.396172] ACPI: PCI Root Bridge [PCI0] (domain 0000 [bus 00-ff])
[    0.397014] acpi PNP0A03:00: _OSC: OS supports [ExtendedConfig ASPM ClockPM Segments MSI]
[    0.398597] acpi PNP0A03:00: _OSC: platform does not support [PCIeCapability]
[    0.399729] acpi PNP0A03:00: _OSC: not requesting control; platform does not support [PCIeCapability]
[    0.401037] acpi PNP0A03:00: _OSC: OS requested [PCIeHotplug PME AER PCIeCapability]
[    0.402219] acpi PNP0A03:00: _OSC: platform willing to grant [PCIeHotplug PME AER]
[    0.410443] acpi PNP0A03:00: _OSC failed (AE_SUPPORT); disabling ASPM
[    0.411507] PCI host bridge to bus 0000:00
[    0.412127] pci_bus 0000:00: root bus resource [io  0x0000-0x0cf7 window]
[    0.413029] pci_bus 0000:00: root bus resource [io  0x0d00-0xffff window]
[    0.413929] pci_bus 0000:00: root bus resource [mem 0x000a0000-0x000bffff window]
[    0.415057] pci_bus 0000:00: root bus resource [mem 0x40000000-0xfdffffff window]
[    0.416191] pci_bus 0000:00: root bus resource [bus 00-ff]
[    0.418292] pci 0000:00:01.1: legacy IDE quirk: reg 0x10: [io  0x01f0-0x01f7]
[    0.419224] pci 0000:00:01.1: legacy IDE quirk: reg 0x14: [io  0x03f6]
[    0.420100] pci 0000:00:01.1: legacy IDE quirk: reg 0x18: [io  0x0170-0x0177]
[    0.421104] pci 0000:00:01.1: legacy IDE quirk: reg 0x1c: [io  0x0376]
[    0.429749] pci 0000:00:07.0: quirk: [io  0x4000-0x403f] claimed by PIIX4 ACPI
[    0.430848] pci 0000:00:07.0: quirk: [io  0x4100-0x410f] claimed by PIIX4 SMB
[    0.436412] ACPI: PCI Interrupt Link [LNKA] (IRQs 5 9 10 *11)
[    0.437611] ACPI: PCI Interrupt Link [LNKB] (IRQs 5 9 *10 11)
[    0.438777] ACPI: PCI Interrupt Link [LNKC] (IRQs 5 *9 10 11)
[    0.439929] ACPI: PCI Interrupt Link [LNKD] (IRQs 5 9 10 *11)
[    0.441198] ACPI: Enabled 2 GPEs in block 00 to 07
[    0.442180] vgaarb: setting as boot device: PCI:0000:00:02.0
[    0.443006] vgaarb: device added: PCI:0000:00:02.0,decodes=io+mem,owns=io+mem,locks=none
[    0.444214] vgaarb: loaded
[    0.444687] vgaarb: bridge control possible 0000:00:02.0
[    0.445612] SCSI subsystem initialized
[    0.446282] ACPI: bus type USB registered
[    0.446916] usbcore: registered new interface driver usbfs
[    0.447689] usbcore: registered new interface driver hub
[    0.448453] usbcore: registered new device driver usb
[    0.449354] PCI: Using ACPI for IRQ routing
[    0.450195] NetLabel: Initializing
[    0.450744] NetLabel:  domain hash size = 128
[    0.451388] NetLabel:  protocols = UNLABELED CIPSOv4
[    0.452115] NetLabel:  unlabeled traffic allowed by default
[    0.453068] amd_nb: Cannot enumerate AMD northbridges
[    0.453790] clocksource: Switched to clocksource kvm-clock
[    0.459154] AppArmor: AppArmor Filesystem Enabled
[    0.459930] pnp: PnP ACPI init
[    0.460947] pnp: PnP ACPI: found 3 devices
[    0.469165] clocksource: acpi_pm: mask: 0xffffff max_cycles: 0xffffff, max_idle_ns: 2085701024 ns
[    0.470516] NET: Registered protocol family 2
[    0.471262] TCP established hash table entries: 8192 (order: 4, 65536 bytes)
[    0.472177] TCP bind hash table entries: 8192 (order: 5, 131072 bytes)
[    0.473033] TCP: Hash tables configured (established 8192 bind 8192)
[    0.473894] UDP hash table entries: 512 (order: 2, 16384 bytes)
[    0.474687] UDP-Lite hash table entries: 512 (order: 2, 16384 bytes)
[    0.475546] NET: Registered protocol family 1
[    0.476186] pci 0000:00:00.0: Limiting direct PCI/PCI transfers
[    0.476993] pci 0000:00:01.0: Activating ISA DMA hang workarounds
[    0.478535] Unpacking initramfs...
[    0.659358] Freeing initrd memory: 15440K
[    0.660099] clocksource: tsc: mask: 0xffffffffffffffff max_cycles: 0x33e452fbb2f, max_idle_ns: 440795236593 ns
[    0.661523] platform rtc_cmos: registered platform RTC device (no PNP device found)
[    0.662804] Scanning for low memory corruption every 60 seconds
[    0.663898] audit: initializing netlink subsys (disabled)
[    0.664683] audit: type=2000 audit(1588487991.133:1): initialized
[    0.665722] Initialise system trusted keyring
[    0.666553] HugeTLB registered 2 MB page size, pre-allocated 0 pages
[    0.668169] zbud: loaded
[    0.668939] VFS: Disk quotas dquot_6.6.0
[    0.669598] VFS: Dquot-cache hash table entries: 512 (order 0, 4096 bytes)
[    0.670723] squashfs: version 4.0 (2009/01/31) Phillip Lougher
[    0.671702] fuse init (API version 7.23)
[    0.672419] Key type big_key registered
[    0.673023] Allocating IMA MOK and blacklist keyrings.
[    0.674698] Key type asymmetric registered
[    0.675324] Asymmetric key parser 'x509' registered
[    0.676043] Block layer SCSI generic (bsg) driver version 0.4 loaded (major 249)
[    0.677195] io scheduler noop registered
[    0.677800] io scheduler deadline registered (default)
[    0.678568] io scheduler cfq registered
[    0.679254] pci_hotplug: PCI Hot Plug PCI Core version: 0.5
[    0.680031] pciehp: PCI Express Hot Plug Controller Driver version: 0.4
[    0.681014] ACPI: AC Adapter [AC] (on-line)
[    0.681666] input: Power Button as /devices/LNXSYSTM:00/LNXPWRBN:00/input/input0
[    0.682796] ACPI: Power Button [PWRF]
[    0.683400] input: Sleep Button as /devices/LNXSYSTM:00/LNXSLPBN:00/input/input1
[    0.684531] ACPI: Sleep Button [SLPF]
[    0.685209] GHES: HEST is not enabled!
[    0.685897] Serial: 8250/16550 driver, 32 ports, IRQ sharing enabled
[    0.707111] 00:02: ttyS0 at I/O 0x3f8 (irq = 4, base_baud = 115200) is a 16550A
[    0.709762] Linux agpgart interface v0.103
[    0.711617] loop: module loaded
[    0.712519] scsi host0: ata_piix
[    0.713120] scsi host1: ata_piix
[    0.713658] ata1: PATA max UDMA/33 cmd 0x1f0 ctl 0x3f6 bmdma 0xd000 irq 14
[    0.714563] ata2: PATA max UDMA/33 cmd 0x170 ctl 0x376 bmdma 0xd008 irq 15
[    0.715495] libphy: Fixed MDIO Bus: probed
[    0.716112] tun: Universal TUN/TAP device driver, 1.6
[    0.716812] tun: (C) 1999-2004 Max Krasnyansky <maxk@qualcomm.com>
[    0.717683] PPP generic driver version 2.4.2
[    0.718381] ehci_hcd: USB 2.0 'Enhanced' Host Controller (EHCI) Driver
[    0.719240] ehci-pci: EHCI PCI platform driver
[    0.719885] ehci-platform: EHCI generic platform driver
[    0.720612] ohci_hcd: USB 1.1 'Open' Host Controller (OHCI) Driver
[    0.721430] ohci-pci: OHCI PCI platform driver
[    0.722127] ohci-platform: OHCI generic platform driver
[    0.722848] uhci_hcd: USB Universal Host Controller Interface driver
[    0.723711] i8042: PNP: PS/2 Controller [PNP0303:PS2K,PNP0f03:PS2M] at 0x60,0x64 irq 1,12
[    0.725292] serio: i8042 KBD port at 0x60,0x64 irq 1
[    0.726005] serio: i8042 AUX port at 0x60,0x64 irq 12
[    0.726834] mousedev: PS/2 mouse device common for all mice
[    0.728040] input: AT Translated Set 2 keyboard as /devices/platform/i8042/serio0/input/input2
[    0.729269] rtc_cmos rtc_cmos: rtc core: registered rtc_cmos as rtc0
[    0.730261] rtc_cmos rtc_cmos: alarms up to one day, 114 bytes nvram
[    0.731106] i2c /dev entries driver
[    0.731684] device-mapper: uevent: version 1.0.3
[    0.732411] device-mapper: ioctl: 4.34.0-ioctl (2015-10-28) initialised: dm-devel@redhat.com
[    0.733622] ledtrig-cpu: registered to indicate activity on CPUs
[    0.734774] NET: Registered protocol family 10
[    0.735567] NET: Registered protocol family 17
[    0.736231] Key type dns_resolver registered
[    0.737134] registered taskstats version 1
[    0.737768] Loading compiled-in X.509 certificates
[    0.738853] Loaded X.509 cert 'Build time autogenerated kernel key: f33c437cc9123d9712070bdfe932b55b24c56047'
[    0.740249] zswap: loaded using pool lzo/zbud
[    0.742125] Key type trusted registered
[    0.744693] Key type encrypted registered
[    0.745273] AppArmor: AppArmor sha1 policy hashing enabled
[    0.745991] ima: No TPM chip found, activating TPM-bypass!
[    0.746746] ima: Allocated hash algorithm: sha1
[    0.747419] evm: HMAC attrs: 0x1
[    0.748179]   Magic number: 4:983:669
[    0.748811] rtc_cmos rtc_cmos: setting system clock to 2020-05-03 06:39:45 UTC (1588487985)
[    0.750104] BIOS EDD facility v0.16 2004-Jun-25, 0 devices found
[    0.750922] EDD information not available.
[    0.871358] Freeing unused kernel memory: 1488K
[    0.872072] Write protecting the kernel read-only data: 14336k
[    0.873233] Freeing unused kernel memory: 1604K
[    0.874046] Freeing unused kernel memory: 60K
Loading, please wait...
starting version 229
[    0.883261] random: systemd-udevd: uninitialized urandom read (16 bytes read, 3 bits of entropy available)
[    0.883572] random: udevadm: uninitialized urandom read (16 bytes read, 3 bits of entropy available)
[    0.883587] random: udevadm: uninitialized urandom read (16 bytes read, 3 bits of entropy available)
[    0.887073] random: systemd-udevd: uninitialized urandom read (16 bytes read, 3 bits of entropy available)
[    0.888370] random: systemd-udevd: uninitialized urandom read (16 bytes read, 3 bits of entropy available)
[    0.889127] random: udevadm: uninitialized urandom read (16 bytes read, 3 bits of entropy available)
[    0.889161] random: udevadm: uninitialized urandom read (16 bytes read, 3 bits of entropy available)
[    0.889248] random: udevadm: uninitialized urandom read (16 bytes read, 3 bits of entropy available)
[    0.889280] random: udevadm: uninitialized urandom read (16 bytes read, 3 bits of entropy available)
[    0.889313] random: udevadm: uninitialized urandom read (16 bytes read, 3 bits of entropy available)
[    0.919565] e1000: Intel(R) PRO/1000 Network Driver - version 7.3.21-k8-NAPI
[    0.920523] e1000: Copyright (c) 1999-2006 Intel Corporation.
[    0.923735] Fusion MPT base driver 3.04.20
[    0.924378] Copyright (c) 1999-2008 LSI Corporation
[    0.930670] Fusion MPT SPI Host driver 3.04.20
[    0.936241] AVX2 version of gcm_enc/dec engaged.
[    0.936893] AES CTR mode by8 optimization enabled
[    1.145618] input: ImExPS/2 Generic Explorer Mouse as /devices/platform/i8042/serio1/input/input4
[    1.257450] e1000 0000:00:03.0 eth0: (PCI:33MHz:32-bit) 02:38:f8:91:fa:5a
[    1.258373] e1000 0000:00:03.0 eth0: Intel(R) PRO/1000 Network Connection
[    1.259730] mptbase: ioc0: Initiating bringup
[    1.830601] ioc0: LSI53C1030 A0: Capabilities={Initiator}
[    2.234713] scsi host2: ioc0: LSI53C1030 A0, FwRev=00000000h, Ports=1, MaxQ=256, IRQ=20
[    2.346382] scsi 2:0:0:0: Direct-Access     VBOX     HARDDISK         1.0  PQ: 0 ANSI: 5
[    2.354566] scsi target2:0:0: Beginning Domain Validation
[    2.356104] scsi target2:0:0: Domain Validation skipping write tests
[    2.356996] scsi target2:0:0: Ending Domain Validation
[    2.357809] scsi target2:0:0: asynchronous
[    2.358835] scsi 2:0:1:0: Direct-Access     VBOX     HARDDISK         1.0  PQ: 0 ANSI: 5
[    2.360038] scsi target2:0:1: Beginning Domain Validation
[    2.361640] scsi target2:0:1: Domain Validation skipping write tests
[    2.362543] scsi target2:0:1: Ending Domain Validation
[    2.363347] scsi target2:0:1: asynchronous
[    2.368078] sd 2:0:0:0: [sda] 20971520 512-byte logical blocks: (10.7 GB/10.0 GiB)
[    2.369296] sd 2:0:0:0: Attached scsi generic sg0 type 0
[    2.370062] sd 2:0:0:0: [sda] Write Protect is off
[    2.371066] sd 2:0:0:0: [sda] Incomplete mode parameter data
[    2.371088] sd 2:0:1:0: Attached scsi generic sg1 type 0
[    2.372678] sd 2:0:0:0: [sda] Assuming drive cache: write through
[    2.373647] sd 2:0:1:0: [sdb] 20480 512-byte logical blocks: (10.5 MB/10.0 MiB)
[    2.375086] sd 2:0:1:0: [sdb] Write Protect is off
[    2.375888] sd 2:0:1:0: [sdb] Incomplete mode parameter data
[    2.376694] sd 2:0:1:0: [sdb] Assuming drive cache: write through
[    2.379445]  sda: sda1
[    2.380649] sd 2:0:0:0: [sda] Attached SCSI disk
[    2.381463] sd 2:0:1:0: [sdb] Attached SCSI disk
[    2.681235] e1000 0000:00:08.0 eth1: (PCI:33MHz:32-bit) 08:00:27:a3:d5:c9
[    2.682169] e1000 0000:00:08.0 eth1: Intel(R) PRO/1000 Network Connection
[    2.683829] e1000 0000:00:08.0 enp0s8: renamed from eth1
[    2.694810] e1000 0000:00:03.0 enp0s3: renamed from eth0
Begin: Loading essential drivers ... [    3.949416] md: linear personality registered for level -1
[    3.951718] md: multipath personality registered for level -4
[    3.954066] md: raid0 personality registered for level 0
[    3.956979] md: raid1 personality registered for level 1
[    4.027037] raid6: sse2x1   gen()  8410 MB/s
[    4.094421] raid6: sse2x1   xor()  8536 MB/s
[    4.162784] raid6: sse2x2   gen() 17316 MB/s
[    4.231152] raid6: sse2x2   xor() 11459 MB/s
[    4.298539] raid6: sse2x4   gen() 18604 MB/s
[    4.365923] raid6: sse2x4   xor() 10665 MB/s
[    4.435253] raid6: avx2x1   gen() 20432 MB/s
[    4.502644] raid6: avx2x2   gen() 34867 MB/s
[    4.571003] raid6: avx2x4   gen() 35147 MB/s
[    4.571666] raid6: using algorithm avx2x4 gen() 35147 MB/s
[    4.572451] raid6: using avx2x2 recovery algorithm
[    4.574174] xor: automatically using best checksumming function:
[    4.614951]    avx       : 19204.000 MB/sec
[    4.616335] async_tx: api initialized (async)
[    4.622780] md: raid6 personality registered for level 6
[    4.623487] md: raid5 personality registered for level 5
[    4.624228] md: raid4 personality registered for level 4
[    4.629145] md: raid10 personality registered for level 10
done.
Begin: Running /scripts/init-premount ... done.
Begin: Mounting root file system ... Begin: Running /scripts/local-top ... done.
Begin: Running /scripts/local-premount ... [    4.650737] Btrfs loaded
Scanning for Btrfs filesystems
done.
Warning: fsck not present, so skipping root file system
[    4.668716] EXT4-fs (sda1): INFO: recovery required on readonly filesystem
[    4.669657] EXT4-fs (sda1): write access will be enabled during recovery
[    4.680049] EXT4-fs (sda1): recovery complete
[    4.680733] EXT4-fs (sda1): mounted filesystem with ordered data mode. Opts: (null)
done.
Begin: Running /scripts/local-bottom ... done.
Begin: Running /scripts/init-bottom ... done.
[    4.749954] systemd[1]: systemd 229 running in system mode. (+PAM +AUDIT +SELINUX +IMA +APPARMOR +SMACK +SYSVINIT +UTMP +LIBCRYPTSETUP +GCRYPT +GNUTLS +ACL +XZ -LZ4 +SECCOMP +BLKID +ELFUTILS +KMOD -IDN)
[    4.752311] systemd[1]: Detected virtualization oracle.
[    4.753070] systemd[1]: Detected architecture x86-64.

Welcome to [1mUbuntu 16.04.6 LTS[0m!

[    4.756016] systemd[1]: Set hostname to <ubuntu-xenial>.
[    4.845607] systemd[1]: Listening on /dev/initctl Compatibility Named Pipe.
[[0;32m  OK  [0m] Listening on /dev/initctl Compatibility Named Pipe.
[    4.847323] systemd[1]: Started Forward Password Requests to Wall Directory Watch.
[[0;32m  OK  [0m] Started Forward Password Requests to Wall Directory Watch.
[    4.849200] systemd[1]: Listening on Journal Socket (/dev/log).
[[0;32m  OK  [0m] Listening on Journal Socket (/dev/log).
[    4.850694] systemd[1]: Listening on Journal Audit Socket.
[[0;32m  OK  [0m] Listening on Journal Audit Socket.
[    4.852357] systemd[1]: Set up automount Arbitrary Executable File Formats File System Automount Point.
[[0;32m  OK  [0m] Set up automount Arbitrary Executab...ats File System Automount Point.
[    4.854637] systemd[1]: Listening on LVM2 poll daemon socket.
[[0;32m  OK  [0m] Listening on LVM2 poll daemon socket.
[    4.856159] systemd[1]: Listening on LVM2 metadata daemon socket.
[[0;32m  OK  [0m] Listening on LVM2 metadata daemon socket.
[    4.857728] systemd[1]: Listening on Journal Socket.
[[0;32m  OK  [0m] Listening on Journal Socket.
[    4.859092] systemd[1]: Reached target Swap.
[[0;32m  OK  [0m] Reached target Swap.
[    4.860332] systemd[1]: Listening on Syslog Socket.
[[0;32m  OK  [0m] Listening on Syslog Socket.
[    4.861681] systemd[1]: Reached target System Time Synchronized.
[[0;32m  OK  [0m] Reached target System Time Synchronized.
[    4.863238] systemd[1]: Listening on udev Control Socket.
[[0;32m  OK  [0m] Listening on udev Control Socket.
[    4.864698] systemd[1]: Reached target Encrypted Volumes.
[[0;32m  OK  [0m] Reached target Encrypted Volumes.
[    4.866303] systemd[1]: Created slice User and Session Slice.
[[0;32m  OK  [0m] Created slice User and Session Slice.
[    4.867830] systemd[1]: Listening on Device-mapper event daemon FIFOs.
[[0;32m  OK  [0m] Listening on Device-mapper event daemon FIFOs.
[    4.869475] systemd[1]: Started Trigger resolvconf update for networkd DNS.
[[0;32m  OK  [0m] Started Trigger resolvconf update for networkd DNS.
[    4.871202] systemd[1]: Listening on udev Kernel Socket.
[[0;32m  OK  [0m] Listening on udev Kernel Socket.
[    4.872623] systemd[1]: Reached target User and Group Name Lookups.
[[0;32m  OK  [0m] Reached target User and Group Name Lookups.
[    4.874374] systemd[1]: Created slice System Slice.
[[0;32m  OK  [0m] Created slice System Slice.
[    4.890449] systemd[1]: Starting Journal Service...
         Starting Journal Service...
[    4.892412] systemd[1]: Mounting POSIX Message Queue File System...
         Mounting POSIX Message Queue File System...
[    4.894352] systemd[1]: Starting Create list of required static device nodes for the current kernel...
         Starting Create list of required st... nodes for the current kernel...
[    4.897082] systemd[1]: Starting Uncomplicated firewall...
         Starting Uncomplicated firewall...
[    4.898725] systemd[1]: Created slice system-serial\x2dgetty.slice.
[[0;32m  OK  [0m] Created slice system-serial\x2dgetty.slice.
[    4.901834] systemd[1]: Created slice system-postgresql.slice.
[[0;32m  OK  [0m] Created slice system-postgresql.slice.
[    4.903601] systemd[1]: Starting Set console keymap...
         Starting Set console keymap...
[    4.904800] systemd[1]: Reached target Slices.
[[0;32m  OK  [0m] Reached target Slices.
[    4.906356] systemd[1]: Starting Monitoring of LVM2 mirrors, snapshots etc. using dmeventd or progress polling...
         Starting Monitoring of LVM2 mirrors... dmeventd or progress polling...
[    4.909324] systemd[1]: Mounting Huge Pages File System...
         Mounting Huge Pages File System...
[    4.911753] systemd[1]: Starting Remount Root and Kernel File Systems...
         Starting Remount Root and Kernel File Systems...
[    4.914694] EXT4-fs (sda1): re-mounted. Opts: (null)
[    4.915108] systemd[1]: Starting Load Kernel Modules...
         Starting Load Kernel Modules...
[    4.917266] systemd[1]: Starting Nameserver information manager...
         Starting Nameserver information manager...
[    4.919030] systemd[1]: Mounting Debug File System...
         Mounting Debug File System...
[    4.920985] systemd[1]: Mounted Debug File System.
[[0;32m  OK  [0m] Mounted Debug File System.
[    4.922279] systemd[1]: Mounted Huge Pages File System.
[[0;32m  OK  [0m] Mounted Huge Pages File System.
[    4.924182] systemd[1]: Mounted POSIX Message Queue File System.
[[0;32m  OK  [0m] Mounted POSIX Message Queue File System.
[    4.925690] systemd[1]: Started Journal Service.
[[0;32m  OK  [0m] Started Journal Service.
[[0;32m  OK  [0m] Started Create list of required sta...ce nodes for the current kernel.
[[0;32m  OK  [0m] Started Uncomplicated firewall.
[[0;32m  OK  [0m] Started Remount Root and Kernel File Systems.
[    4.932650] Loading iSCSI transport class v2.0-870.
         Starting udev Coldplug all Devices...
         Starting Load/Save Random Seed...
         Starting Create Static Device Nodes in /dev...
         Starting Flush Journal to Persistent Storage...
[[0;32m  OK  [0m] Started Nameserver information manager.
[[0;32m  OK  [0m] Started Load/Save Random Seed.
[    4.947859] systemd-journald[376]: Received request to flush runtime journal from PID 1
[[0;32m  OK  [0m] Started Flush Journal to Persistent Storage.
[[0;32m  OK  [0m] Started LVM2 metadata daemon.
[[0;32m  OK  [0m] Started Set console keymap.
[    4.964022] iscsi: registered transport (tcp)
[[0;32m  OK  [0m] Started Create Static Device Nodes in /dev.
         Starting udev Kernel Device Manager...
[    4.983488] random: nonblocking pool is initialized
[[0;32m  OK  [0m] Started udev Kernel Device Manager.
[    4.996143] iscsi: registered transport (iser)
[[0;32m  OK  [0m] Started Load Kernel Modules.
         Starting Apply Kernel Variables...
         Mounting FUSE Control File System...
[[0;32m  OK  [0m] Mounted FUSE Control File System.
[[0;32m  OK  [0m] Started udev Coldplug all Devices.
[[0;32m  OK  [0m] Started Dispatch Password Requests to Console Directory Watch.
[[0;32m  OK  [0m] Started Apply Kernel Variables.
[[0;32m  OK  [0m] Found device /dev/ttyS0.
[[0;32m  OK  [0m] Listening on Load/Save RF Kill Switch Status /dev/rfkill Watch.
[[0;32m  OK  [0m] Found device 82540EM Gigabit Ethern...r (PRO/1000 MT Desktop Adapter).
[[0;32m  OK  [0m] Found device 82540EM Gigabit Ethern...r (PRO/1000 MT Desktop Adapter).
[[0;32m  OK  [0m] Started Monitoring of LVM2 mirrors,...ng dmeventd or progress polling.
[[0;32m  OK  [0m] Reached target Local File Systems (Pre).
[[0;32m  OK  [0m] Reached target Local File Systems.
         Starting Tell Plymouth To Write Out Runtime Data...
         Starting Initial cloud-init job (pre-networking)...
         Starting LSB: AppArmor initialization...
         Starting Create Volatile Files and Directories...
         Starting Set console font and keymap...
[[0;32m  OK  [0m] Started Create Volatile Files and Directories.
         Starting Update UTMP about System Boot/Shutdown...
[[0;32m  OK  [0m] Started Update UTMP about System Boot/Shutdown.
[[0;32m  OK  [0m] Started Tell Plymouth To Write Out Runtime Data.
[[0;32m  OK  [0m] Started Set console font and keymap.
[[0;32m  OK  [0m] Created slice system-getty.slice.
[[0;32m  OK  [0m] Started LSB: AppArmor initialization.
[    5.742532] cloud-init[648]: Cloud-init v. 19.4-33-gbb4131a2-0ubuntu1~16.04.1 running 'init-local' at Sun, 03 May 2020 06:39:50 +0000. Up 5.60 seconds.
[[0;32m  OK  [0m] Started Initial cloud-init job (pre-networking).
[[0;32m  OK  [0m] Reached target Network (Pre).
         Starting Raise network interfaces...
[[0;32m  OK  [0m] Started ifup for enp0s3.
[[0;32m  OK  [0m] Started ifup for enp0s8.
[[0;32m  OK  [0m] Started Raise network interfaces.
[[0;32m  OK  [0m] Reached target Network.
         Starting Initial cloud-init job (metadata service crawler)...
[    6.176673] cloud-init[1084]: Cloud-init v. 19.4-33-gbb4131a2-0ubuntu1~16.04.1 running 'init' at Sun, 03 May 2020 06:39:50 +0000. Up 6.03 seconds.
[    6.177969] cloud-init[1084]: ci-info: ++++++++++++++++++++++++++++++++++++++Net device info+++++++++++++++++++++++++++++++++++++++
[    6.179172] cloud-init[1084]: ci-info: +--------+------+-----------------------------+---------------+--------+-------------------+
[    6.180340] cloud-init[1084]: ci-info: | Device |  Up  |           Address           |      Mask     | Scope  |     Hw-Address    |
[    6.181605] cloud-init[1084]: ci-info: +--------+------+-----------------------------+---------------+--------+-------------------+
[    6.182808] cloud-init[1084]: ci-info: | enp0s3 | True |          10.0.2.15          | 255.255.255.0 | global | 02:38:f8:91:fa:5a |
[    6.183996] cloud-init[1084]: ci-info: | enp0s3 | True |  fe80::38:f8ff:fe91:fa5a/64 |       .       |  link  | 02:38:f8:91:fa:5a |
[    6.185143] cloud-init[1084]: ci-info: | enp0s8 | True |        192.168.33.10        | 255.255.255.0 | global | 08:00:27:a3:d5:c9 |
[    6.186323] cloud-init[1084]: ci-info: | enp0s8 | True | fe80::a00:27ff:fea3:d5c9/64 |       .       |  link  | 08:00:27:a3:d5:c9 |
[    6.187564] cloud-init[1084]: ci-info: |   lo   | True |          127.0.0.1          |   255.0.0.0   |  host  |         .         |
[    6.188892] cloud-init[1084]: ci-info: |   lo   | True |           ::1/128           |       .       |  host  |         .         |
[    6.190267] cloud-init[1084]: ci-info: +--------+------+-----------------------------+---------------+--------+-------------------+
[    6.191663] cloud-init[1084]: ci-info: ++++++++++++++++++++++++++++Route IPv4 info++++++++++++++++++++++++++++
[    6.192766] cloud-init[1084]: ci-info: +-------+--------------+----------+---------------+-----------+-------+
[    6.193816] cloud-init[1084]: ci-info: | Route | Destination  | Gateway  |    Genmask    | Interface | Flags |
[    6.194873] cloud-init[1084]: ci-info: +-------+--------------+----------+---------------+-----------+-------+
[    6.195915] cloud-init[1084]: ci-info: |   0   |   0.0.0.0    | 10.0.2.2 |    0.0.0.0    |   enp0s3  |   UG  |
[    6.196860] cloud-init[1084]: ci-info: |   1   |   10.0.2.0   | 0.0.0.0  | 255.255.255.0 |   enp0s3  |   U   |
[    6.198152] cloud-init[1084]: ci-info: |   2   | 192.168.33.0 | 0.0.0.0  | 255.255.255.0 |   enp0s8  |   U   |
[    6.199352] cloud-init[1084]: ci-info: +-------+--------------+----------+---------------+-----------+-------+
[    6.200506] cloud-init[1084]: ci-info: +++++++++++++++++++Route IPv6 info+++++++++++++++++++
[    6.201514] cloud-init[1084]: ci-info: +-------+-------------+---------+-----------+-------+
[    6.202520] cloud-init[1084]: ci-info: | Route | Destination | Gateway | Interface | Flags |
[    6.203550] cloud-init[1084]: ci-info: +-------+-------------+---------+-----------+-------+[[0;32m  OK  [0m] Started Initial cloud-init job (metadata service crawler).
[[0;32m  OK  [0m] Reached target Network is Online.

[    6.205527] cloud-init[1084]: ci-info: |   0   |  fe80::/64  |    ::   |   enp0s8  |   U   |
[    6.206517] cloud-init[1084]: ci-info: |   1   |  fe80::/64  |    ::   |   enp0s3  |   U   |
[    6.207499] cloud-init[1084]: ci-info: |   4   |   ff00::/8  |    ::   |   enp0s8  |   U   |
[    6.208496] cloud-init[1084]: ci-info: |   5   |   ff00::/8  |    ::   |   enp0s3  |   U   |
[    6.209491] cloud-init[1084]: ci-info: +-------+-------------+---------+-----------+-------+
         Starting iSCSI initiator daemon (iscsid)...
[[0;32m  OK  [0m] Reached target System Initialization.
[[0;32m  OK  [0m] Listening on D-Bus System Message Bus Socket.
[[0;32m  OK  [0m] Started Daily Cleanup of Temporary Directories.
         Starting Socket activation for snappy daemon.
[[0;32m  OK  [0m] Listening on UUID daemon activation socket.
[[0;32m  OK  [0m] Started Message of the Day.
[[0;32m  OK  [0m] Listening on ACPID Listen Socket.
[[0;32m  OK  [0m] Started ACPI Events Check.
[[0;32m  OK  [0m] Reached target Paths.
         Starting LXD - unix socket.
[[0;32m  OK  [0m] Started Daily apt download activities.
[[0;32m  OK  [0m] Started Daily apt upgrade and clean activities.
[[0;32m  OK  [0m] Reached target Timers.
[[0;32m  OK  [0m] Reached target Cloud-config availability.
[[0;32m  OK  [0m] Listening on Socket activation for snappy daemon.
[[0;32m  OK  [0m] Listening on LXD - unix socket.
[[0;32m  OK  [0m] Reached target Sockets.
[[0;32m  OK  [0m] Reached target Basic System.
         Starting LSB: Record successful boot for GRUB...
[[0;32m  OK  [0m] Started FUSE filesystem for LXC.
[[0;32m  OK  [0m] Started Regular background program processing daemon.
         Starting Snappy daemon...
         Starting vboxadd.service...
         Starting System Logging Service...
         Starting Accounts Service...
         Starting Daily apt upgrade and clean activities...
[[0;32m  OK  [0m] Started Deferred execution scheduler.
         Starting /etc/rc.local Compatibility...
         Starting Login Service...
[[0;32m  OK  [0m] Started ACPI event daemon.
[[0;32m  OK  [0m] Started D-Bus System Message Bus.
         Starting LSB: MD monitoring daemon...
         Starting LXD - container startup/shutdown...
         Starting PostgreSQL Cluster 9.5-main...
         Starting OpenBSD Secure Shell server...
[[0;32m  OK  [0m] Started System Logging Service.
[[0;32m  OK  [0m] Started iSCSI initiator daemon (iscsid).
[[0;32m  OK  [0m] Started /etc/rc.local Compatibility.
         Starting Authenticate and Authorize Users to Run Privileged Tasks...
         Starting Login to default iSCSI targets...
[[0;32m  OK  [0m] Started Login Service.
[[0;32m  OK  [0m] Started Unattended Upgrades Shutdown.
[[0;32m  OK  [0m] Started LSB: Record successful boot for GRUB.
[[0;32m  OK  [0m] Started Login to default iSCSI targets.
[[0;32m  OK  [0m] Reached target Remote File Systems (Pre).
[[0;32m  OK  [0m] Reached target Remote File Systems.
         Starting LSB: automatic crash report generation...
         Starting LSB: Start/stop sysstat's sadc...
         Starting LSB: Set the CPU Frequency Scaling governor to "ondemand"...
         Starting Permit User Sessions...
         Starting LSB: daemon to balance interrupts for SMP systems...
[[0;32m  OK  [0m] Started LSB: MD monitoring daemon.
[[0;32m  OK  [0m] Started LSB: Set the CPU Frequency Scaling governor to "ondemand".
[[0;32m  OK  [0m] Started Permit User Sessions.
         Starting Terminate Plymouth Boot Screen...
         Starting Hold until boot process finishes up...
[[0;32m  OK  [0m] Started Hold until boot process finishes up.
         Starting Set console scheme...
[[0;32m  OK  [0m] Started Getty on tty1.
[[0;32m  OK  [0m] Started Serial Getty on ttyS0.
[[0;32m  OK  [0m] Reached target Login Prompts.
[[0;32m  OK  [0m] Started Terminate Plymouth Boot Screen.
[[0;32m  OK  [0m] Started Set console scheme.
[[0;32m  OK  [0m] Started LSB: daemon to balance interrupts for SMP systems.
[[0;32m  OK  [0m] Started LSB: Start/stop sysstat's sadc.
[[0;32m  OK  [0m] Started LSB: automatic crash report generation.
[[0;32m  OK  [0m] Started OpenBSD Secure Shell server.
[[0;32m  OK  [0m] Started Authenticate and Authorize Users to Run Privileged Tasks.
[[0;32m  OK  [0m] Started Accounts Service.
[[0;32m  OK  [0m] Started LXD - container startup/shutdown.
[[0;32m  OK  [0m] Started Snappy daemon.
         Starting Wait until snapd is fully seeded...
[[0;32m  OK  [0m] Started Wait until snapd is fully seeded.
         Starting Apply the settings specified in cloud-config...
[    6.828719] cloud-init[1365]: Cloud-init v. 19.4-33-gbb4131a2-0ubuntu1~16.04.1 running 'modules:config' at Sun, 03 May 2020 06:39:51 +0000. Up 6.77 seconds.
[[0;32m  OK  [0m] Started Apply the settings specified in cloud-config.
[[0;32m  OK  [0m] Started vboxadd.service.
         Starting vboxadd-service.service...
[[0;32m  OK  [0m] Started vboxadd-service.service.
[[0;32m  OK  [0m] Started PostgreSQL Cluster 9.5-main.
         Starting PostgreSQL RDBMS...
[[0;32m  OK  [0m] Started PostgreSQL RDBMS.
[[0;32m  OK  [0m] Reached target Multi-User System.
         Starting Execute cloud user/final scripts...
[[0;32m  OK  [0m] Reached target Graphical Interface.
         Starting Update UTMP about System Runlevel Changes...
[[0;32m  OK  [0m] Started Update UTMP about System Runlevel Changes.
[    8.854587] cloud-init[1663]: Cloud-init v. 19.4-33-gbb4131a2-0ubuntu1~16.04.1 running 'modules:final' at Sun, 03 May 2020 06:39:53 +0000. Up 8.80 seconds.
[    8.855951] cloud-init[1663]: Cloud-init v. 19.4-33-gbb4131a2-0ubuntu1~16.04.1 finished at Sun, 03 May 2020 06:39:53 +0000. Datasource DataSourceNoCloud [seed=/dev/sdb][dsmode=net].  Up 8.85 seconds
[[0;32m  OK  [0m] Started Execute cloud user/final scripts.
[[0;32m  OK  [0m] Reached target Cloud-init target.
[[0;32m  OK  [0m] Started Daily apt upgrade and clean activities.

Ubuntu 16.04.6 LTS ubuntu-xenial ttyS0

ubuntu-xenial login: 